<?xml version="1.0" encoding="UTF-8"?>
<testng-results ignored="0" total="1" passed="1" failed="0" skipped="0">
  <reporter-output>
  </reporter-output>
  <suite started-at="2023-05-20T17:20:24 IST" name="Surefire suite" finished-at="2023-05-20T17:20:34 IST" duration-ms="10576">
    <groups>
    </groups>
    <test started-at="2023-05-20T17:20:24 IST" name="Surefire test" finished-at="2023-05-20T17:20:34 IST" duration-ms="10576">
      <class name="ForgotPasswordPageTestCases.ForgotPasswordLinkSendTestCase">
        <test-method is-config="true" signature="setup()[pri:0, instance:ForgotPasswordPageTestCases.ForgotPasswordLinkSendTestCase@4df50bcc]" started-at="2023-05-20T17:20:24 IST" name="setup" finished-at="2023-05-20T17:20:29 IST" duration-ms="5490" status="PASS">
          <reporter-output>
          </reporter-output>
        </test-method> <!-- setup -->
        <test-method signature="verify_forgot_password_link()[pri:1, instance:ForgotPasswordPageTestCases.ForgotPasswordLinkSendTestCase@4df50bcc]" started-at="2023-05-20T17:20:29 IST" name="verify_forgot_password_link" finished-at="2023-05-20T17:20:34 IST" duration-ms="4267" status="PASS">
          <reporter-output>
          </reporter-output>
        </test-method> <!-- verify_forgot_password_link -->
        <test-method is-config="true" signature="teardown()[pri:0, instance:ForgotPasswordPageTestCases.ForgotPasswordLinkSendTestCase@4df50bcc]" started-at="2023-05-20T17:20:34 IST" name="teardown" finished-at="2023-05-20T17:20:34 IST" duration-ms="772" status="PASS">
          <reporter-output>
          </reporter-output>
        </test-method> <!-- teardown -->
      </class> <!-- ForgotPasswordPageTestCases.ForgotPasswordLinkSendTestCase -->
    </test> <!-- Surefire test -->
  </suite> <!-- Surefire suite -->
</testng-results>
