<?xml version="1.0" encoding="UTF-8"?>
<testng-results ignored="0" total="10" passed="10" failed="0" skipped="0">
  <reporter-output>
  </reporter-output>
  <suite started-at="2023-05-21T21:29:44 IST" name=" Main Application Test Automation Test Suite" finished-at="2023-05-21T21:31:22 IST" duration-ms="97979">
    <groups>
    </groups>
    <test started-at="2023-05-21T21:29:44 IST" name="TruAge Test Cases" finished-at="2023-05-21T21:31:22 IST" duration-ms="97979">
      <class name="LoginPageTestCases.ForgotPasswordLink">
        <test-method is-config="true" signature="setup()[pri:0, instance:LoginPageTestCases.ForgotPasswordLink@4a003cbe]" started-at="2023-05-21T21:30:08 IST" name="setup" finished-at="2023-05-21T21:30:16 IST" duration-ms="7486" status="PASS">
          <reporter-output>
          </reporter-output>
        </test-method> <!-- setup -->
        <test-method signature="verify_forgot_password_link()[pri:0, instance:LoginPageTestCases.ForgotPasswordLink@4a003cbe]" started-at="2023-05-21T21:30:16 IST" name="verify_forgot_password_link" finished-at="2023-05-21T21:30:20 IST" duration-ms="4177" status="PASS">
          <reporter-output>
          </reporter-output>
        </test-method> <!-- verify_forgot_password_link -->
        <test-method is-config="true" signature="teardown()[pri:0, instance:LoginPageTestCases.ForgotPasswordLink@4a003cbe]" started-at="2023-05-21T21:30:20 IST" name="teardown" finished-at="2023-05-21T21:30:20 IST" duration-ms="218" status="PASS">
          <reporter-output>
          </reporter-output>
        </test-method> <!-- teardown -->
      </class> <!-- LoginPageTestCases.ForgotPasswordLink -->
      <class name="ForgotPasswordPageTestCases.ImageAndFieldDisplay">
        <test-method is-config="true" signature="setup()[pri:0, instance:ForgotPasswordPageTestCases.ImageAndFieldDisplay@76494737]" started-at="2023-05-21T21:29:57 IST" name="setup" finished-at="2023-05-21T21:30:03 IST" duration-ms="6321" status="PASS">
          <reporter-output>
          </reporter-output>
        </test-method> <!-- setup -->
        <test-method signature="verify_mfa_logo()[pri:1, instance:ForgotPasswordPageTestCases.ImageAndFieldDisplay@76494737]" started-at="2023-05-21T21:30:03 IST" name="verify_mfa_logo" finished-at="2023-05-21T21:30:07 IST" duration-ms="4047" status="PASS">
          <reporter-output>
          </reporter-output>
        </test-method> <!-- verify_mfa_logo -->
        <test-method is-config="true" signature="teardown()[pri:0, instance:ForgotPasswordPageTestCases.ImageAndFieldDisplay@76494737]" started-at="2023-05-21T21:30:07 IST" name="teardown" finished-at="2023-05-21T21:30:08 IST" duration-ms="1136" status="PASS">
          <reporter-output>
          </reporter-output>
        </test-method> <!-- teardown -->
      </class> <!-- ForgotPasswordPageTestCases.ImageAndFieldDisplay -->
      <class name="LoginPageTestCases.Login">
        <test-method is-config="true" signature="setup()[pri:0, instance:LoginPageTestCases.Login@17fc391b]" started-at="2023-05-21T21:30:46 IST" name="setup" finished-at="2023-05-21T21:30:52 IST" duration-ms="6170" status="PASS">
          <reporter-output>
          </reporter-output>
        </test-method> <!-- setup -->
        <test-method signature="verify_valid_login()[pri:1, instance:LoginPageTestCases.Login@17fc391b]" started-at="2023-05-21T21:30:52 IST" name="verify_valid_login" finished-at="2023-05-21T21:30:52 IST" duration-ms="417" status="PASS">
          <reporter-output>
          </reporter-output>
        </test-method> <!-- verify_valid_login -->
        <test-method is-config="true" signature="teardown()[pri:0, instance:LoginPageTestCases.Login@17fc391b]" started-at="2023-05-21T21:30:52 IST" name="teardown" finished-at="2023-05-21T21:30:52 IST" duration-ms="194" status="PASS">
          <reporter-output>
          </reporter-output>
        </test-method> <!-- teardown -->
        <test-method is-config="true" signature="setup()[pri:0, instance:LoginPageTestCases.Login@17fc391b]" started-at="2023-05-21T21:30:52 IST" name="setup" finished-at="2023-05-21T21:30:59 IST" duration-ms="6277" status="PASS">
          <reporter-output>
          </reporter-output>
        </test-method> <!-- setup -->
        <test-method signature="verify_invalid_login()[pri:2, instance:LoginPageTestCases.Login@17fc391b]" started-at="2023-05-21T21:30:59 IST" name="verify_invalid_login" finished-at="2023-05-21T21:31:03 IST" duration-ms="4361" status="PASS">
          <reporter-output>
          </reporter-output>
        </test-method> <!-- verify_invalid_login -->
        <test-method is-config="true" signature="teardown()[pri:0, instance:LoginPageTestCases.Login@17fc391b]" started-at="2023-05-21T21:31:03 IST" name="teardown" finished-at="2023-05-21T21:31:04 IST" duration-ms="1198" status="PASS">
          <reporter-output>
          </reporter-output>
        </test-method> <!-- teardown -->
        <test-method is-config="true" signature="setup()[pri:0, instance:LoginPageTestCases.Login@17fc391b]" started-at="2023-05-21T21:31:04 IST" name="setup" finished-at="2023-05-21T21:31:10 IST" duration-ms="5604" status="PASS">
          <reporter-output>
          </reporter-output>
        </test-method> <!-- setup -->
        <test-method signature="verify_empty_login()[pri:3, instance:LoginPageTestCases.Login@17fc391b]" started-at="2023-05-21T21:31:10 IST" name="verify_empty_login" finished-at="2023-05-21T21:31:10 IST" duration-ms="175" status="PASS">
          <reporter-output>
          </reporter-output>
        </test-method> <!-- verify_empty_login -->
        <test-method is-config="true" signature="teardown()[pri:0, instance:LoginPageTestCases.Login@17fc391b]" started-at="2023-05-21T21:31:10 IST" name="teardown" finished-at="2023-05-21T21:31:10 IST" duration-ms="226" status="PASS">
          <reporter-output>
          </reporter-output>
        </test-method> <!-- teardown -->
        <test-method is-config="true" signature="setup()[pri:0, instance:LoginPageTestCases.Login@17fc391b]" started-at="2023-05-21T21:31:10 IST" name="setup" finished-at="2023-05-21T21:31:17 IST" duration-ms="6743" status="PASS">
          <reporter-output>
          </reporter-output>
        </test-method> <!-- setup -->
        <test-method signature="verify_magic_link_login()[pri:4, instance:LoginPageTestCases.Login@17fc391b]" started-at="2023-05-21T21:31:17 IST" name="verify_magic_link_login" finished-at="2023-05-21T21:31:21 IST" duration-ms="4465" status="PASS">
          <reporter-output>
          </reporter-output>
        </test-method> <!-- verify_magic_link_login -->
        <test-method is-config="true" signature="teardown()[pri:0, instance:LoginPageTestCases.Login@17fc391b]" started-at="2023-05-21T21:31:21 IST" name="teardown" finished-at="2023-05-21T21:31:22 IST" duration-ms="358" status="PASS">
          <reporter-output>
          </reporter-output>
        </test-method> <!-- teardown -->
      </class> <!-- LoginPageTestCases.Login -->
      <class name="LoginPageTestCases.ImageAndTextDisplay">
        <test-method is-config="true" signature="setup()[pri:0, instance:LoginPageTestCases.ImageAndTextDisplay@4082ba93]" started-at="2023-05-21T21:30:20 IST" name="setup" finished-at="2023-05-21T21:30:30 IST" duration-ms="9986" status="PASS">
          <reporter-output>
          </reporter-output>
        </test-method> <!-- setup -->
        <test-method signature="verify_page_title()[pri:1, instance:LoginPageTestCases.ImageAndTextDisplay@4082ba93]" started-at="2023-05-21T21:30:30 IST" name="verify_page_title" finished-at="2023-05-21T21:30:30 IST" duration-ms="32" status="PASS">
          <reporter-output>
          </reporter-output>
        </test-method> <!-- verify_page_title -->
        <test-method is-config="true" signature="teardown()[pri:0, instance:LoginPageTestCases.ImageAndTextDisplay@4082ba93]" started-at="2023-05-21T21:30:30 IST" name="teardown" finished-at="2023-05-21T21:30:31 IST" duration-ms="159" status="PASS">
          <reporter-output>
          </reporter-output>
        </test-method> <!-- teardown -->
        <test-method is-config="true" signature="setup()[pri:0, instance:LoginPageTestCases.ImageAndTextDisplay@4082ba93]" started-at="2023-05-21T21:30:31 IST" name="setup" finished-at="2023-05-21T21:30:37 IST" duration-ms="6739" status="PASS">
          <reporter-output>
          </reporter-output>
        </test-method> <!-- setup -->
        <test-method signature="verify_TruAge_Logo()[pri:2, instance:LoginPageTestCases.ImageAndTextDisplay@4082ba93]" started-at="2023-05-21T21:30:37 IST" name="verify_TruAge_Logo" finished-at="2023-05-21T21:30:37 IST" duration-ms="38" status="PASS">
          <reporter-output>
          </reporter-output>
        </test-method> <!-- verify_TruAge_Logo -->
        <test-method is-config="true" signature="teardown()[pri:0, instance:LoginPageTestCases.ImageAndTextDisplay@4082ba93]" started-at="2023-05-21T21:30:37 IST" name="teardown" finished-at="2023-05-21T21:30:37 IST" duration-ms="149" status="PASS">
          <reporter-output>
          </reporter-output>
        </test-method> <!-- teardown -->
        <test-method is-config="true" signature="setup()[pri:0, instance:LoginPageTestCases.ImageAndTextDisplay@4082ba93]" started-at="2023-05-21T21:30:37 IST" name="setup" finished-at="2023-05-21T21:30:45 IST" duration-ms="7879" status="PASS">
          <reporter-output>
          </reporter-output>
        </test-method> <!-- setup -->
        <test-method signature="verify_forgot_password_link()[pri:4, instance:LoginPageTestCases.ImageAndTextDisplay@4082ba93]" started-at="2023-05-21T21:30:45 IST" name="verify_forgot_password_link" finished-at="2023-05-21T21:30:45 IST" duration-ms="56" status="PASS">
          <reporter-output>
          </reporter-output>
        </test-method> <!-- verify_forgot_password_link -->
        <test-method is-config="true" signature="teardown()[pri:0, instance:LoginPageTestCases.ImageAndTextDisplay@4082ba93]" started-at="2023-05-21T21:30:45 IST" name="teardown" finished-at="2023-05-21T21:30:46 IST" duration-ms="145" status="PASS">
          <reporter-output>
          </reporter-output>
        </test-method> <!-- teardown -->
      </class> <!-- LoginPageTestCases.ImageAndTextDisplay -->
      <class name="ForgotPasswordPageTestCases.ForgotPasswordLinkSendTestCase">
        <test-method is-config="true" signature="setup()[pri:0, instance:ForgotPasswordPageTestCases.ForgotPasswordLinkSendTestCase@53fb3dab]" started-at="2023-05-21T21:29:44 IST" name="setup" finished-at="2023-05-21T21:29:51 IST" duration-ms="7179" status="PASS">
          <reporter-output>
          </reporter-output>
        </test-method> <!-- setup -->
        <test-method signature="verify_forgot_password_link()[pri:1, instance:ForgotPasswordPageTestCases.ForgotPasswordLinkSendTestCase@53fb3dab]" started-at="2023-05-21T21:29:51 IST" name="verify_forgot_password_link" finished-at="2023-05-21T21:29:56 IST" duration-ms="5288" status="PASS">
          <reporter-output>
          </reporter-output>
        </test-method> <!-- verify_forgot_password_link -->
        <test-method is-config="true" signature="teardown()[pri:0, instance:ForgotPasswordPageTestCases.ForgotPasswordLinkSendTestCase@53fb3dab]" started-at="2023-05-21T21:29:56 IST" name="teardown" finished-at="2023-05-21T21:29:57 IST" duration-ms="663" status="PASS">
          <reporter-output>
          </reporter-output>
        </test-method> <!-- teardown -->
      </class> <!-- ForgotPasswordPageTestCases.ForgotPasswordLinkSendTestCase -->
    </test> <!-- TruAge Test Cases -->
  </suite> <!--  Main Application Test Automation Test Suite -->
</testng-results>
