<?xml version="1.0" encoding="UTF-8"?>
<!-- Generated by org.testng.reporters.JUnitXMLReporter -->
<testsuite ignored="0" hostname="LAP-0110" failures="0" tests="10" name="TruAge Test Cases" time="97.979" errors="0" timestamp="2023-05-21T21:31:22 IST">
  <testcase classname="ForgotPasswordPageTestCases.ForgotPasswordLinkSendTestCase" name="verify_forgot_password_link" time="5.288"/>
  <testcase classname="ForgotPasswordPageTestCases.ImageAndFieldDisplay" name="verify_mfa_logo" time="4.047"/>
  <testcase classname="LoginPageTestCases.ForgotPasswordLink" name="verify_forgot_password_link" time="4.177"/>
  <testcase classname="LoginPageTestCases.ImageAndTextDisplay" name="verify_page_title" time="0.032"/>
  <testcase classname="LoginPageTestCases.ImageAndTextDisplay" name="verify_TruAge_Logo" time="0.038"/>
  <testcase classname="LoginPageTestCases.ImageAndTextDisplay" name="verify_forgot_password_link" time="0.056"/>
  <testcase classname="LoginPageTestCases.Login" name="verify_valid_login" time="0.417"/>
  <testcase classname="LoginPageTestCases.Login" name="verify_invalid_login" time="4.361"/>
  <testcase classname="LoginPageTestCases.Login" name="verify_empty_login" time="0.175"/>
  <testcase classname="LoginPageTestCases.Login" name="verify_magic_link_login" time="4.465"/>
</testsuite> <!-- TruAge Test Cases -->
