<?xml version="1.0" encoding="UTF-8"?>
<!-- Generated by org.testng.reporters.JUnitXMLReporter -->
<testsuite ignored="0" hostname="LAP-0110" failures="0" tests="13" name="TruAge Test Cases" time="122.542" errors="0" timestamp="2023-05-21T21:44:20 IST">
  <testcase classname="ForgotPasswordPageTestCases.ForgotPasswordLinkSendTestCase" name="verify_forgot_password_link" time="5.292"/>
  <testcase classname="ForgotPasswordPageTestCases.ImageAndFieldDisplay" name="verify_mfa_logo" time="4.049"/>
  <testcase classname="LoginPageTestCases.ForgotPasswordLink" name="verify_forgot_password_link" time="4.137"/>
  <testcase classname="LoginPageTestCases.ImageAndTextDisplay" name="verify_page_title" time="0.027"/>
  <testcase classname="LoginPageTestCases.ImageAndTextDisplay" name="verify_TruAge_Logo" time="0.056"/>
  <testcase classname="LoginPageTestCases.ImageAndTextDisplay" name="verify_forgot_password_link" time="0.054"/>
  <testcase classname="LoginPageTestCases.Login" name="verify_valid_login" time="0.411"/>
  <testcase classname="LoginPageTestCases.Login" name="verify_invalid_login" time="4.361"/>
  <testcase classname="LoginPageTestCases.Login" name="verify_empty_login" time="0.163"/>
  <testcase classname="LoginPageTestCases.Login" name="verify_magic_link_login" time="4.433"/>
  <testcase classname="MFAPageTestCases.BackToLogin" name="varify_back_to_login_link" time="2.143"/>
  <testcase classname="MFAPageTestCases.MfaLogin" name="verify_valid_mfa_login" time="2.125"/>
  <testcase classname="MFAPageTestCases.MfaLogin" name="verify_invalid_mfa_login" time="2.267"/>
</testsuite> <!-- TruAge Test Cases -->
